<?xml version="1.0" encoding="UTF-8" ?>
<testsuite tests="1" failures="1" name="tests.Selenium" time="11.279" errors="0" skipped="0">
  <properties>
[...]
</properties>
  <testcase classname="tests.Selenium" name="runTest" time="11.279">
    <failure message="expected:&lt;[just_test_of_artefacts_Grubber]&gt; but was:&lt;[https://yandex.ru/]&gt;" type="org.junit.ComparisonFailure">org.junit.ComparisonFailure: expected:&lt;[just_test_of_artefacts_Grubber]&gt; but was:&lt;[https://yandex.ru/]&gt;
	at org.junit.Assert.assertEquals(Assert.java:115)
	at org.junit.Assert.assertEquals(Assert.java:144)
	at utils.Utils.assertTwoStringParams(Utils.java:46)
	at tests.Selenium.Script(Selenium.java:70)
	at tests.Selenium.runTest(Selenium.java:41)
	at sun.reflect.NativeMethodAccessorImpl.invoke0(Native Method)
	at sun.reflect.NativeMethodAccessorImpl.invoke(NativeMethodAccessorImpl.java:62)
	at sun.reflect.DelegatingMethodAccessorImpl.invoke(DelegatingMethodAccessorImpl.java:43)
	at java.lang.reflect.Method.invoke(Method.java:498)
	at org.junit.runners.model.FrameworkMethod$1.runReflectiveCall(FrameworkMethod.java:50)
	at org.junit.internal.runners.model.ReflectiveCallable.run(ReflectiveCallable.java:12)
	at org.junit.runners.model.FrameworkMethod.invokeExplosively(FrameworkMethod.java:47)
	at org.junit.internal.runners.statements.InvokeMethod.evaluate(InvokeMethod.java:17)
	at org.junit.internal.runners.statements.RunBefores.evaluate(RunBefores.java:26)
	at org.junit.internal.runners.statements.RunAfters.evaluate(RunAfters.java:27)
	at org.junit.runners.ParentRunner.runLeaf(ParentRunner.java:325)
	at org.junit.runners.BlockJUnit4ClassRunner.runChild(BlockJUnit4ClassRunner.java:78)
	at org.junit.runners.BlockJUnit4ClassRunner.runChild(BlockJUnit4ClassRunner.java:57)
	at org.junit.runners.ParentRunner$3.run(ParentRunner.java:290)
	at org.junit.runners.ParentRunner$1.schedule(ParentRunner.java:71)
	at org.junit.runners.ParentRunner.runChildren(ParentRunner.java:288)
	at org.junit.runners.ParentRunner.access$000(ParentRunner.java:58)
	at org.junit.runners.ParentRunner$2.evaluate(ParentRunner.java:268)
	at org.junit.runners.ParentRunner.run(ParentRunner.java:363)
	at org.apache.maven.surefire.junit4.JUnit4Provider.execute(JUnit4Provider.java:252)
	at org.apache.maven.surefire.junit4.JUnit4Provider.executeTestSet(JUnit4Provider.java:141)
	at org.apache.maven.surefire.junit4.JUnit4Provider.invoke(JUnit4Provider.java:112)
	at sun.reflect.NativeMethodAccessorImpl.invoke0(Native Method)
	at sun.reflect.NativeMethodAccessorImpl.invoke(NativeMethodAccessorImpl.java:62)
	at sun.reflect.DelegatingMethodAccessorImpl.invoke(DelegatingMethodAccessorImpl.java:43)
	at java.lang.reflect.Method.invoke(Method.java:498)
	at org.apache.maven.surefire.util.ReflectionUtils.invokeMethodWithArray(ReflectionUtils.java:189)
	at org.apache.maven.surefire.booter.ProviderFactory$ProviderProxy.invoke(ProviderFactory.java:165)
	at org.apache.maven.surefire.booter.ProviderFactory.invokeProvider(ProviderFactory.java:85)
	at org.apache.maven.surefire.booter.ForkedBooter.runSuitesInProcess(ForkedBooter.java:115)
	at org.apache.maven.surefire.booter.ForkedBooter.main(ForkedBooter.java:75)
</failure>
    <system-out>2019-09-22 02:00:09 DEBUG Selenium:34 - ChromeDriver is running
2019-09-22 02:00:09 DEBUG Selenium:36 - set fullsize of window
2019-09-22 02:00:09 DEBUG Selenium:47 - created GoogleSearchPage - SUCCESS
2019-09-22 02:00:11 DEBUG Selenium:49 - loaded google(https://google.com) - SUCCESS
2019-09-22 02:00:11 DEBUG Selenium:51 - sendKeys: yandex.com
2019-09-22 02:00:12 DEBUG Selenium:53 - go to result of search
2019-09-22 02:00:12 INFO  Selenium:62 - href on first link: https://yandex.ru/
2019-09-22 02:00:12 DEBUG Selenium:65 - click on first link

2019-09-22 02:00:13 ERROR Selenium:42 - Failed Assertion, expected: just_test_of_artefacts_Grubber but actual: https://yandex.ru/
2019-09-22 02:00:13 ERROR Selenium:43 - Assert: Search_yandex_test_failed_assert_current_url
2019-09-22 02:00:15 ERROR Selenium:28 - Failed screenshot: artefacts/Search_yandex_test_failed_assert_current_url_1569106815002.png
2019-09-22 02:00:15 ERROR Selenium:35 - Failed assert: artefacts/Search_yandex_test_failed_assert_current_url_1569106815002.png and his html: Search_yandex_test_failed_assert_current_url_1569106815862.html
</system-out>
    <system-err>Starting ChromeDriver 76.0.3809.126 (d80a294506b4c9d18015e755cee48f953ddc3f2f-refs/branch-heads/3809@{#1024}) on port 11576
Only local connections are allowed.
Please protect ports used by ChromeDriver and related test frameworks to prevent access by malicious code.
сен 22, 2019 2:00:09 AM org.openqa.selenium.remote.ProtocolHandshake createSession
INFO: Detected dialect: W3C
</system-err>
  </testcase>
</testsuite>